{"name": "test_right_way", "status": "broken", "statusDetails": {"message": "selenium.common.exceptions.TimeoutException: Message:", "trace": "tests\\test_shop.py:90: in test_right_way\n    WebDriverWait(browser, timeout=20, poll_frequency=1).until(\n        browser    = <selenium.webdriver.chrome.webdriver.WebDriver (session=\"0c437d412478cf05c1a4a6e79bc6c280\")>\n        cart_is_visible = 'block'\n        product    = <selenium.webdriver.remote.webelement.WebElement (session=\"0c437d412478cf05c1a4a6e79bc6c280\", element=\"c9ba65af-635c-4330-bde7-f400c7b294a1\")>\n..\\..\\AppData\\Local\\Programs\\Python\\Python311\\Lib\\site-packages\\selenium\\webdriver\\support\\wait.py:95: in until\n    raise TimeoutException(message, screen, stacktrace)\nE   selenium.common.exceptions.TimeoutException: Message:\n        end_time   = 1034.9679999999998\n        message    = ''\n        method     = <function url_to_be.<locals>._predicate at 0x000001FC081D6840>\n        screen     = None\n        self       = <selenium.webdriver.support.wait.WebDriverWait (session=\"0c437d412478cf05c1a4a6e79bc6c280\")>\n        stacktrace = None\n        value      = False"}, "description": "\n    Test case TC-4\n    ", "start": 1676129510751, "stop": 1676129537341, "uuid": "42be037b-dd23-47d9-9ad8-102c19830e42", "historyId": "832350b147fac251f172289a626c5cba", "testCaseId": "7b8323124234f69a8fde1e3de50f452e", "fullName": "tests.test_shop#test_right_way", "labels": [{"name": "parentSuite", "value": "tests"}, {"name": "suite", "value": "test_shop"}, {"name": "host", "value": "DESKTOP-JD2MQUF"}, {"name": "thread", "value": "2096-MainThread"}, {"name": "framework", "value": "pytest"}, {"name": "language", "value": "cpython3"}, {"name": "package", "value": "tests.test_shop"}]}