{"name": "test_right_way", "status": "broken", "statusDetails": {"message": "selenium.common.exceptions.TimeoutException: Message:", "trace": "tests\\test_shop.py:90: in test_right_way\n    WebDriverWait(browser, timeout=10, poll_frequency=1).until(\n        browser    = <selenium.webdriver.chrome.webdriver.WebDriver (session=\"d4b76f771c36fb179d14545cddeafeb6\")>\n        cart_is_visible = 'block'\n        product    = <selenium.webdriver.remote.webelement.WebElement (session=\"d4b76f771c36fb179d14545cddeafeb6\", element=\"36442db1-15a5-4928-bef0-2b7d3a44a2e8\")>\n..\\..\\AppData\\Local\\Programs\\Python\\Python311\\Lib\\site-packages\\selenium\\webdriver\\support\\wait.py:95: in until\n    raise TimeoutException(message, screen, stacktrace)\nE   selenium.common.exceptions.TimeoutException: Message:\n        end_time   = 866.64\n        message    = ''\n        method     = <function url_to_be.<locals>._predicate at 0x000001AEE0016840>\n        screen     = None\n        self       = <selenium.webdriver.support.wait.WebDriverWait (session=\"d4b76f771c36fb179d14545cddeafeb6\")>\n        stacktrace = None\n        value      = False"}, "description": "\n    Test case TC-4\n    ", "start": 1676129350268, "stop": 1676129368996, "uuid": "742cf83d-5bf5-44e1-a204-7725a8ef1f26", "historyId": "832350b147fac251f172289a626c5cba", "testCaseId": "7b8323124234f69a8fde1e3de50f452e", "fullName": "tests.test_shop#test_right_way", "labels": [{"name": "parentSuite", "value": "tests"}, {"name": "suite", "value": "test_shop"}, {"name": "host", "value": "DESKTOP-JD2MQUF"}, {"name": "thread", "value": "4144-MainThread"}, {"name": "framework", "value": "pytest"}, {"name": "language", "value": "cpython3"}, {"name": "package", "value": "tests.test_shop"}]}