{"name": "test_products_group", "status": "skipped", "statusDetails": {"message": "XFAIL Wait for fix bug\n\nselenium.common.exceptions.ElementClickInterceptedException: Message: element click intercepted: Element <a href=\"https://test.qa.studio?products_group=sale\" class=\"tab-sale \">...</a> is not clickable at point (900, 748). Other element would receive the click: <div class=\"catalog-toolbar-tabs__content\">...</div>\n  (Session info: chrome=109.0.5414.120)\nStacktrace:\nBacktrace:\n\t(No symbol) [0x00B06643]\n\t(No symbol) [0x00A9BE21]\n\t(No symbol) [0x0099DA9D]\n\t(No symbol) [0x009D92B2]\n\t(No symbol) [0x009D6970]\n\t(No symbol) [0x009D3E0B]\n\t(No symbol) [0x009D2548]\n\t(No symbol) [0x009C6B13]\n\t(No symbol) [0x009EFD7C]\n\t(No symbol) [0x009C641F]\n\t(No symbol) [0x009F00D4]\n\t(No symbol) [0x00A06B09]\n\t(No symbol) [0x009EFB76]\n\t(No symbol) [0x009C49C1]\n\t(No symbol) [0x009C5E5D]\n\tGetHandleVerifier [0x00D7A142+2497106]\n\tGetHandleVerifier [0x00DA85D3+2686691]\n\tGetHandleVerifier [0x00DABB9C+2700460]\n\tGetHandleVerifier [0x00BB3B10+635936]\n\t(No symbol) [0x00AA4A1F]\n\t(No symbol) [0x00AAA418]\n\t(No symbol) [0x00AAA505]\n\t(No symbol) [0x00AB508B]\n\tBaseThreadInitThunk [0x766E00F9+25]\n\tRtlGetAppContainerNamedObjectPath [0x773E7BBE+286]\n\tRtlGetAppContainerNamedObjectPath [0x773E7B8E+238]", "trace": "tests\\test_shop.py:48: in test_products_group\n    element.click()\n        browser    = <selenium.webdriver.chrome.webdriver.WebDriver (session=\"d5d6b8352c213e1fb2e78bac3d77b420\")>\n        element    = <selenium.webdriver.remote.webelement.WebElement (session=\"d5d6b8352c213e1fb2e78bac3d77b420\", element=\"e9a890b2-759e-46ca-9c24-ba3607a16b05\")>\n        elements   = [<selenium.webdriver.remote.webelement.WebElement (session=\"d5d6b8352c213e1fb2e78bac3d77b420\", element=\"1d8ef1e3-8fbd-...te.webelement.WebElement (session=\"d5d6b8352c213e1fb2e78bac3d77b420\", element=\"73998a0c-ef10-4cca-89a8-e00c720b50e0\")>]\n        expected_menu = [('Все', '', \"[class='tab-all active']\"), ('Бестселлеры', '/?products_group=best_sellers', \"[class='tab-best_sellers '... '/?products_group=new', \"[class='tab-new ']\"), ('Распродажа товаров', '/?products_group=sale', \"[class='tab-sale ']\")]\n        item       = ('Распродажа товаров', '/?products_group=sale', \"[class='tab-sale ']\")\n        menu_element = \"[class='catalog-toolbar-tabs__content'] a\"\n..\\..\\AppData\\Local\\Programs\\Python\\Python311\\Lib\\site-packages\\selenium\\webdriver\\remote\\webelement.py:93: in click\n    self._execute(Command.CLICK_ELEMENT)\n        self       = <selenium.webdriver.remote.webelement.WebElement (session=\"d5d6b8352c213e1fb2e78bac3d77b420\", element=\"e9a890b2-759e-46ca-9c24-ba3607a16b05\")>\n..\\..\\AppData\\Local\\Programs\\Python\\Python311\\Lib\\site-packages\\selenium\\webdriver\\remote\\webelement.py:403: in _execute\n    return self._parent.execute(command, params)\n        command    = 'clickElement'\n        params     = {'id': 'e9a890b2-759e-46ca-9c24-ba3607a16b05'}\n        self       = <selenium.webdriver.remote.webelement.WebElement (session=\"d5d6b8352c213e1fb2e78bac3d77b420\", element=\"e9a890b2-759e-46ca-9c24-ba3607a16b05\")>\n..\\..\\AppData\\Local\\Programs\\Python\\Python311\\Lib\\site-packages\\selenium\\webdriver\\remote\\webdriver.py:440: in execute\n    self.error_handler.check_response(response)\n        driver_command = 'clickElement'\n        params     = {'id': 'e9a890b2-759e-46ca-9c24-ba3607a16b05'}\n        response   = {'status': 400, 'value': '{\"value\":{\"error\":\"element click intercepted\",\"message\":\"element click intercepted: Element ...\\n\\\\tRtlGetAppContainerNamedObjectPath [0x773E7BBE+286]\\\\n\\\\tRtlGetAppContainerNamedObjectPath [0x773E7B8E+238]\\\\n\"}}'}\n        self       = <selenium.webdriver.chrome.webdriver.WebDriver (session=\"d5d6b8352c213e1fb2e78bac3d77b420\")>\n..\\..\\AppData\\Local\\Programs\\Python\\Python311\\Lib\\site-packages\\selenium\\webdriver\\remote\\errorhandler.py:245: in check_response\n    raise exception_class(message, screen, stacktrace)\nE   selenium.common.exceptions.ElementClickInterceptedException: Message: element click intercepted: Element <a href=\"https://test.qa.studio?products_group=sale\" class=\"tab-sale \">...</a> is not clickable at point (900, 748). Other element would receive the click: <div class=\"catalog-toolbar-tabs__content\">...</div>\nE     (Session info: chrome=109.0.5414.120)\nE   Stacktrace:\nE   Backtrace:\nE   \t(No symbol) [0x00B06643]\nE   \t(No symbol) [0x00A9BE21]\nE   \t(No symbol) [0x0099DA9D]\nE   \t(No symbol) [0x009D92B2]\nE   \t(No symbol) [0x009D6970]\nE   \t(No symbol) [0x009D3E0B]\nE   \t(No symbol) [0x009D2548]\nE   \t(No symbol) [0x009C6B13]\nE   \t(No symbol) [0x009EFD7C]\nE   \t(No symbol) [0x009C641F]\nE   \t(No symbol) [0x009F00D4]\nE   \t(No symbol) [0x00A06B09]\nE   \t(No symbol) [0x009EFB76]\nE   \t(No symbol) [0x009C49C1]\nE   \t(No symbol) [0x009C5E5D]\nE   \tGetHandleVerifier [0x00D7A142+2497106]\nE   \tGetHandleVerifier [0x00DA85D3+2686691]\nE   \tGetHandleVerifier [0x00DABB9C+2700460]\nE   \tGetHandleVerifier [0x00BB3B10+635936]\nE   \t(No symbol) [0x00AA4A1F]\nE   \t(No symbol) [0x00AAA418]\nE   \t(No symbol) [0x00AAA505]\nE   \t(No symbol) [0x00AB508B]\nE   \tBaseThreadInitThunk [0x766E00F9+25]\nE   \tRtlGetAppContainerNamedObjectPath [0x773E7BBE+286]\nE   \tRtlGetAppContainerNamedObjectPath [0x773E7B8E+238]\n        exception_class = <class 'selenium.common.exceptions.ElementClickInterceptedException'>\n        json       = <module 'json' from 'C:\\\\Users\\\\Nishto\\\\AppData\\\\Local\\\\Programs\\\\Python\\\\Python311\\\\Lib\\\\json\\\\__init__.py'>\n        message    = 'element click intercepted: Element <a href=\"https://test.qa.studio?products_group=sale\" class=\"tab-sale \">...</a> is ...would receive the click: <div class=\"catalog-toolbar-tabs__content\">...</div>\\n  (Session info: chrome=109.0.5414.120)'\n        response   = {'status': 400, 'value': '{\"value\":{\"error\":\"element click intercepted\",\"message\":\"element click intercepted: Element ...\\n\\\\tRtlGetAppContainerNamedObjectPath [0x773E7BBE+286]\\\\n\\\\tRtlGetAppContainerNamedObjectPath [0x773E7B8E+238]\\\\n\"}}'}\n        screen     = None\n        self       = <selenium.webdriver.remote.errorhandler.ErrorHandler object at 0x000002194D69F410>\n        st_value   = 'Backtrace:\\n\\t(No symbol) [0x00B06643]\\n\\t(No symbol) [0x00A9BE21]\\n\\t(No symbol) [0x0099DA9D]\\n\\t(No symbol) [0x009D...00F9+25]\\n\\tRtlGetAppContainerNamedObjectPath [0x773E7BBE+286]\\n\\tRtlGetAppContainerNamedObjectPath [0x773E7B8E+238]\\n'\n        stacktrace = ['Backtrace:', '\\t(No symbol) [0x00B06643]', '\\t(No symbol) [0x00A9BE21]', '\\t(No symbol) [0x0099DA9D]', '\\t(No symbol) [0x009D92B2]', '\\t(No symbol) [0x009D6970]', ...]\n        status     = 'element click intercepted'\n        value      = {'error': 'element click intercepted', 'message': 'element click intercepted: Element <a href=\"https://test.qa.studio?...0F9+25]\\n\\tRtlGetAppContainerNamedObjectPath [0x773E7BBE+286]\\n\\tRtlGetAppContainerNamedObjectPath [0x773E7B8E+238]\\n'}\n        value_json = '{\"value\":{\"error\":\"element click intercepted\",\"message\":\"element click intercepted: Element \\\\u003Ca href=\\\\\"https://...\\\\n\\\\tRtlGetAppContainerNamedObjectPath [0x773E7BBE+286]\\\\n\\\\tRtlGetAppContainerNamedObjectPath [0x773E7B8E+238]\\\\n\"}}'"}, "description": "\n    Test case TC-2\n    ", "start": 1676129690426, "stop": 1676129698101, "uuid": "87050f2f-18f6-4bb8-a730-e1c142757910", "historyId": "09ac6b905e7ac66417c95d86a058a7ca", "testCaseId": "4fdd6adba16e950b161eae73ef4ccb14", "fullName": "tests.test_shop#test_products_group", "labels": [{"name": "tag", "value": "@pytest.mark.xfail(reason='Wait for fix bug')"}, {"name": "parentSuite", "value": "tests"}, {"name": "suite", "value": "test_shop"}, {"name": "host", "value": "DESKTOP-JD2MQUF"}, {"name": "thread", "value": "5568-MainThread"}, {"name": "framework", "value": "pytest"}, {"name": "language", "value": "cpython3"}, {"name": "package", "value": "tests.test_shop"}]}